program/unity/冰墩墩/Temp/gradleOut/launcher/build/intermediates/manifest_merge_blame_file/release/manifest-merger-blame-release-report.txt
1<?xml version="1.0" encoding="utf-8"?>
2<!-- GENERATED BY UNITY. REMOVE THIS COMMENT TO PREVENT OVERWRITING WHEN EXPORTING AGAIN -->
3<manifest xmlns:android="http://schemas.android.com/apk/res/android"
4    package="com.GAME.BingDwenDwen"
5    android:installLocation="preferExternal"
6    android:versionCode="1"
7    android:versionName="1.0" >
8
9    <uses-sdk
10        android:minSdkVersion="19"
10-->src/main/AndroidManifest.xml
11        android:targetSdkVersion="30" />
11-->src/main/AndroidManifest.xml
12
13    <supports-screens
13-->src/main/AndroidManifest.xml:4:3-163
14        android:anyDensity="true"
14-->src/main/AndroidManifest.xml:4:135-160
15        android:largeScreens="true"
15-->src/main/AndroidManifest.xml:4:78-105
16        android:normalScreens="true"
16-->src/main/AndroidManifest.xml:4:49-77
17        android:smallScreens="true"
17-->src/main/AndroidManifest.xml:4:21-48
18        android:xlargeScreens="true" />
18-->src/main/AndroidManifest.xml:4:106-134
19
20    <uses-permission android:name="android.permission.ACCESS_NETWORK_STATE" />
20-->src/main/AndroidManifest.xml:8:3-77
20-->src/main/AndroidManifest.xml:8:20-74
21    <uses-permission android:name="android.permission.INTERNET" />
21-->src/main/AndroidManifest.xml:9:3-65
21-->src/main/AndroidManifest.xml:9:20-62
22
23    <uses-feature android:glEsVersion="0x00030000" />
23-->[:unityLibrary] AndroidManifest.xml:13:5-54
23-->[:unityLibrary] AndroidManifest.xml:13:19-51
24    <uses-feature
24-->[:unityLibrary] AndroidManifest.xml:14:5-16:36
25        android:name="android.hardware.vulkan.version"
25-->[:unityLibrary] AndroidManifest.xml:15:9-55
26        android:required="false" />
26-->[:unityLibrary] AndroidManifest.xml:16:9-33
27    <uses-feature
27-->[:unityLibrary] AndroidManifest.xml:20:5-22:36
28        android:name="android.hardware.touchscreen"
28-->[:unityLibrary] AndroidManifest.xml:21:9-52
29        android:required="false" />
29-->[:unityLibrary] AndroidManifest.xml:22:9-33
30    <uses-feature
30-->[:unityLibrary] AndroidManifest.xml:23:5-25:36
31        android:name="android.hardware.touchscreen.multitouch"
31-->[:unityLibrary] AndroidManifest.xml:24:9-63
32        android:required="false" />
32-->[:unityLibrary] AndroidManifest.xml:25:9-33
33    <uses-feature
33-->[:unityLibrary] AndroidManifest.xml:26:5-28:36
34        android:name="android.hardware.touchscreen.multitouch.distinct"
34-->[:unityLibrary] AndroidManifest.xml:27:9-72
35        android:required="false" />
35-->[:unityLibrary] AndroidManifest.xml:28:9-33
36
37    <application
37-->src/main/AndroidManifest.xml:5:3-7:17
38        android:extractNativeLibs="true"
38-->src/main/AndroidManifest.xml:5:16-48
39        android:icon="@mipmap/app_icon"
39-->src/main/AndroidManifest.xml:5:82-113
40        android:label="@string/app_name" >
40-->src/main/AndroidManifest.xml:5:49-81
41        <meta-data
41-->src/main/AndroidManifest.xml:6:5-79
42            android:name="unity.builder"
42-->src/main/AndroidManifest.xml:6:16-44
43            android:value="\12369815869959" />
43-->src/main/AndroidManifest.xml:6:45-76
44
45        <activity
45-->[:unityLibrary] AndroidManifest.xml:31:9-51:20
46            android:name="com.unity3d.player.UnityPlayerActivity"
46-->[:unityLibrary] AndroidManifest.xml:32:13-66
47            android:configChanges="mcc|mnc|locale|touchscreen|keyboard|keyboardHidden|navigation|orientation|screenLayout|uiMode|screenSize|smallestScreenSize|fontScale|layoutDirection|density"
47-->[:unityLibrary] AndroidManifest.xml:33:13-194
48            android:hardwareAccelerated="false"
48-->[:unityLibrary] AndroidManifest.xml:34:13-48
49            android:launchMode="singleTask"
49-->[:unityLibrary] AndroidManifest.xml:35:13-44
50            android:resizeableActivity="false"
50-->[:unityLibrary] AndroidManifest.xml:36:13-47
51            android:screenOrientation="landscape"
51-->[:unityLibrary] AndroidManifest.xml:37:13-50
52            android:theme="@style/UnityThemeSelector" >
52-->[:unityLibrary] AndroidManifest.xml:38:13-54
53            <intent-filter>
53-->[:unityLibrary] AndroidManifest.xml:39:13-43:29
54                <action android:name="android.intent.action.MAIN" />
54-->[:unityLibrary] AndroidManifest.xml:40:17-69
54-->[:unityLibrary] AndroidManifest.xml:40:25-66
55
56                <category android:name="android.intent.category.LAUNCHER" />
56-->[:unityLibrary] AndroidManifest.xml:42:17-77
56-->[:unityLibrary] AndroidManifest.xml:42:27-74
57            </intent-filter>
58
59            <meta-data
59-->[:unityLibrary] AndroidManifest.xml:45:13-47:40
60                android:name="unityplayer.UnityActivity"
60-->[:unityLibrary] AndroidManifest.xml:46:17-57
61                android:value="true" />
61-->[:unityLibrary] AndroidManifest.xml:47:17-37
62            <meta-data
62-->[:unityLibrary] AndroidManifest.xml:48:13-50:40
63                android:name="android.notch_support"
63-->[:unityLibrary] AndroidManifest.xml:49:17-53
64                android:value="true" />
64-->[:unityLibrary] AndroidManifest.xml:50:17-37
65        </activity>
66
67        <meta-data
67-->[:unityLibrary] AndroidManifest.xml:53:9-55:33
68            android:name="unity.splash-mode"
68-->[:unityLibrary] AndroidManifest.xml:54:13-45
69            android:value="0" />
69-->[:unityLibrary] AndroidManifest.xml:55:13-30
70        <meta-data
70-->[:unityLibrary] AndroidManifest.xml:56:9-58:36
71            android:name="unity.splash-enable"
71-->[:unityLibrary] AndroidManifest.xml:57:13-47
72            android:value="True" />
72-->[:unityLibrary] AndroidManifest.xml:58:13-33
73        <meta-data
73-->[:unityLibrary] AndroidManifest.xml:59:9-61:37
74            android:name="unity.allow-resizable-window"
74-->[:unityLibrary] AndroidManifest.xml:60:13-56
75            android:value="False" />
75-->[:unityLibrary] AndroidManifest.xml:61:13-34
76        <meta-data
76-->[:unityLibrary] AndroidManifest.xml:62:9-64:50
77            android:name="notch.config"
77-->[:unityLibrary] AndroidManifest.xml:63:13-40
78            android:value="portrait|landscape" />
78-->[:unityLibrary] AndroidManifest.xml:64:13-47
79        <meta-data
79-->[:unityLibrary] AndroidManifest.xml:65:9-67:68
80            android:name="unity.build-id"
80-->[:unityLibrary] AndroidManifest.xml:66:13-42
81            android:value="c4db776e-f376-409d-ae3e-9ff309a46a51" />
81-->[:unityLibrary] AndroidManifest.xml:67:13-65
82    </application>
83
84</manifest>